<?xml version="1.0" encoding="utf-8"?><testsuites><testsuite name="pytest" errors="0" failures="0" skipped="0" tests="7" time="12.223" timestamp="2024-05-04T10:04:43.163405" hostname="DESKTOP-12KCEL8"><testcase classname="test.rest.api_test.TestApi" name="test_api_add" time="2.017" /><testcase classname="test.rest.api_test.TestApi" name="test_api_divide" time="2.016" /><testcase classname="test.rest.api_test.TestApi" name="test_api_divide_by_zero" time="2.009" /><testcase classname="test.rest.api_test.TestApi" name="test_api_multiply" time="2.030" /><testcase classname="test.rest.api_test.TestApi" name="test_api_sqrt" time="2.009" /><testcase classname="test.rest.api_test.TestApi" name="test_api_sqrt_MOCK" time="0.032" /><testcase classname="test.rest.api_test.TestApi" name="test_api_substract" time="2.028" /></testsuite></testsuites>